<?xml version="1.0" encoding="UTF-8"?>
<coverage generated="1697204504114" clover="3.2.0">
  <project timestamp="1697204504114" name="All files">
    <metrics statements="66" coveredstatements="59" conditionals="33" coveredconditionals="25" methods="16" coveredmethods="14" elements="115" coveredelements="98" complexity="0" loc="66" ncloc="66" packages="2" files="2" classes="2"/>
    <package name="Class">
      <metrics statements="65" coveredstatements="58" conditionals="33" coveredconditionals="25" methods="16" coveredmethods="14"/>
      <file name="Templify.ts" path="C:\Users\Standa\Desktop\Work\Personal\TemplifyJS\src\Class\Templify.ts">
        <metrics statements="65" coveredstatements="58" conditionals="33" coveredconditionals="25" methods="16" coveredmethods="14"/>
        <line num="3" count="19" type="stmt"/>
        <line num="6" count="19" type="stmt"/>
        <line num="10" count="4" type="stmt"/>
        <line num="14" count="60" type="stmt"/>
        <line num="25" count="60" type="stmt"/>
        <line num="28" count="60" type="stmt"/>
        <line num="30" count="10" type="stmt"/>
        <line num="32" count="10" type="stmt"/>
        <line num="33" count="10" type="cond" truecount="2" falsecount="0"/>
        <line num="34" count="2" type="stmt"/>
        <line num="36" count="10" type="stmt"/>
        <line num="39" count="10" type="stmt"/>
        <line num="40" count="10" type="stmt"/>
        <line num="41" count="10" type="stmt"/>
        <line num="42" count="10" type="stmt"/>
        <line num="44" count="10" type="cond" truecount="2" falsecount="0"/>
        <line num="45" count="8" type="stmt"/>
        <line num="48" count="8" type="stmt"/>
        <line num="49" count="8" type="cond" truecount="1" falsecount="1"/>
        <line num="50" count="20" type="stmt"/>
        <line num="52" count="0" type="stmt"/>
        <line num="56" count="8" type="stmt"/>
        <line num="58" count="2" type="cond" truecount="1" falsecount="1"/>
        <line num="59" count="4" type="stmt"/>
        <line num="61" count="0" type="stmt"/>
        <line num="68" count="60" type="stmt"/>
        <line num="69" count="29" type="stmt"/>
        <line num="70" count="29" type="cond" truecount="2" falsecount="0"/>
        <line num="74" count="60" type="stmt"/>
        <line num="75" count="1" type="stmt"/>
        <line num="76" count="1" type="cond" truecount="1" falsecount="1"/>
        <line num="80" count="60" type="stmt"/>
        <line num="81" count="6" type="stmt"/>
        <line num="82" count="6" type="cond" truecount="1" falsecount="1"/>
        <line num="85" count="60" type="stmt"/>
        <line num="88" count="0" type="stmt"/>
        <line num="89" count="0" type="cond" truecount="0" falsecount="2"/>
        <line num="90" count="0" type="stmt"/>
        <line num="92" count="0" type="stmt"/>
        <line num="97" count="60" type="stmt"/>
        <line num="98" count="60" type="stmt"/>
        <line num="99" count="8" type="stmt"/>
        <line num="102" count="10" type="stmt"/>
        <line num="105" count="10" type="stmt"/>
        <line num="106" count="10" type="cond" truecount="2" falsecount="0"/>
        <line num="107" count="7" type="stmt"/>
        <line num="108" count="3" type="cond" truecount="2" falsecount="0"/>
        <line num="109" count="2" type="stmt"/>
        <line num="111" count="1" type="stmt"/>
        <line num="118" count="60" type="stmt"/>
        <line num="120" count="60" type="stmt"/>
        <line num="124" count="64" type="stmt"/>
        <line num="125" count="64" type="stmt"/>
        <line num="126" count="64" type="stmt"/>
        <line num="127" count="64" type="cond" truecount="5" falsecount="0"/>
        <line num="128" count="3" type="stmt"/>
        <line num="130" count="61" type="stmt"/>
        <line num="132" count="61" type="stmt"/>
        <line num="137" count="7" type="cond" truecount="4" falsecount="0"/>
        <line num="138" count="6" type="stmt"/>
        <line num="139" count="6" type="stmt"/>
        <line num="141" count="1" type="stmt"/>
        <line num="145" count="2" type="cond" truecount="1" falsecount="1"/>
        <line num="147" count="0" type="stmt"/>
        <line num="149" count="2" type="stmt"/>
      </file>
    </package>
    <package name="Constants">
      <metrics statements="1" coveredstatements="1" conditionals="0" coveredconditionals="0" methods="0" coveredmethods="0"/>
      <file name="Regex.ts" path="C:\Users\Standa\Desktop\Work\Personal\TemplifyJS\src\Constants\Regex.ts">
        <metrics statements="1" coveredstatements="1" conditionals="0" coveredconditionals="0" methods="0" coveredmethods="0"/>
        <line num="4" count="1" type="stmt"/>
      </file>
    </package>
  </project>
</coverage>
