{"C:\\Users\\Standa\\Desktop\\Work\\Personal\\TemplifyJS\\src\\Class\\Templify.ts": {"path":"C:\\Users\\Standa\\Desktop\\Work\\Personal\\TemplifyJS\\src\\Class\\Templify.ts","statementMap":{"0":{"start":{"line":3,"column":74},"end":{"line":3,"column":76}},"1":{"start":{"line":6,"column":8},"end":{"line":6,"column":33}},"2":{"start":{"line":10,"column":8},"end":{"line":10,"column":36}},"3":{"start":{"line":14,"column":21},"end":{"line":14,"column":29}},"4":{"start":{"line":17,"column":8},"end":{"line":20,"column":11}},"5":{"start":{"line":18,"column":26},"end":{"line":18,"column":63}},"6":{"start":{"line":19,"column":12},"end":{"line":19,"column":55}},"7":{"start":{"line":23,"column":8},"end":{"line":26,"column":11}},"8":{"start":{"line":24,"column":26},"end":{"line":24,"column":63}},"9":{"start":{"line":25,"column":12},"end":{"line":25,"column":83}},"10":{"start":{"line":29,"column":8},"end":{"line":32,"column":11}},"11":{"start":{"line":30,"column":26},"end":{"line":30,"column":63}},"12":{"start":{"line":31,"column":12},"end":{"line":31,"column":77}},"13":{"start":{"line":35,"column":8},"end":{"line":44,"column":10}},"14":{"start":{"line":38,"column":29},"end":{"line":38,"column":66}},"15":{"start":{"line":39,"column":16},"end":{"line":41,"column":17}},"16":{"start":{"line":40,"column":20},"end":{"line":40,"column":110}},"17":{"start":{"line":40,"column":53},"end":{"line":40,"column":99}},"18":{"start":{"line":42,"column":16},"end":{"line":42,"column":29}},"19":{"start":{"line":47,"column":30},"end":{"line":47,"column":170}},"20":{"start":{"line":48,"column":8},"end":{"line":65,"column":9}},"21":{"start":{"line":49,"column":12},"end":{"line":64,"column":14}},"22":{"start":{"line":52,"column":20},"end":{"line":62,"column":26}},"23":{"start":{"line":55,"column":42},"end":{"line":55,"column":80}},"24":{"start":{"line":56,"column":28},"end":{"line":60,"column":29}},"25":{"start":{"line":57,"column":32},"end":{"line":57,"column":68}},"26":{"start":{"line":58,"column":35},"end":{"line":60,"column":29}},"27":{"start":{"line":59,"column":32},"end":{"line":59,"column":70}},"28":{"start":{"line":61,"column":28},"end":{"line":61,"column":38}},"29":{"start":{"line":68,"column":8},"end":{"line":68,"column":60}},"30":{"start":{"line":70,"column":8},"end":{"line":70,"column":22}},"31":{"start":{"line":74,"column":27},"end":{"line":74,"column":42}},"32":{"start":{"line":75,"column":20},"end":{"line":75,"column":23}},"33":{"start":{"line":76,"column":8},"end":{"line":81,"column":9}},"34":{"start":{"line":77,"column":12},"end":{"line":79,"column":13}},"35":{"start":{"line":78,"column":16},"end":{"line":78,"column":33}},"36":{"start":{"line":80,"column":12},"end":{"line":80,"column":36}},"37":{"start":{"line":82,"column":8},"end":{"line":82,"column":21}},"38":{"start":{"line":87,"column":8},"end":{"line":93,"column":9}},"39":{"start":{"line":88,"column":12},"end":{"line":92,"column":13}},"40":{"start":{"line":89,"column":16},"end":{"line":89,"column":52}},"41":{"start":{"line":91,"column":16},"end":{"line":91,"column":53}},"42":{"start":{"line":95,"column":8},"end":{"line":100,"column":9}},"43":{"start":{"line":97,"column":16},"end":{"line":97,"column":51}},"44":{"start":{"line":99,"column":16},"end":{"line":99,"column":29}}},"fnMap":{"0":{"name":"(anonymous_0)","decl":{"start":{"line":5,"column":4},"end":{"line":5,"column":5}},"loc":{"start":{"line":5,"column":34},"end":{"line":7,"column":5}},"line":5},"1":{"name":"(anonymous_1)","decl":{"start":{"line":9,"column":4},"end":{"line":9,"column":5}},"loc":{"start":{"line":9,"column":84},"end":{"line":11,"column":5}},"line":9},"2":{"name":"(anonymous_2)","decl":{"start":{"line":13,"column":4},"end":{"line":13,"column":5}},"loc":{"start":{"line":13,"column":63},"end":{"line":71,"column":5}},"line":13},"3":{"name":"(anonymous_3)","decl":{"start":{"line":17,"column":56},"end":{"line":17,"column":57}},"loc":{"start":{"line":17,"column":77},"end":{"line":20,"column":9}},"line":17},"4":{"name":"(anonymous_4)","decl":{"start":{"line":23,"column":89},"end":{"line":23,"column":90}},"loc":{"start":{"line":23,"column":122},"end":{"line":26,"column":9}},"line":23},"5":{"name":"(anonymous_5)","decl":{"start":{"line":29,"column":73},"end":{"line":29,"column":74}},"loc":{"start":{"line":29,"column":100},"end":{"line":32,"column":9}},"line":29},"6":{"name":"(anonymous_6)","decl":{"start":{"line":37,"column":12},"end":{"line":37,"column":13}},"loc":{"start":{"line":37,"column":42},"end":{"line":43,"column":13}},"line":37},"7":{"name":"(anonymous_7)","decl":{"start":{"line":40,"column":36},"end":{"line":40,"column":37}},"loc":{"start":{"line":40,"column":53},"end":{"line":40,"column":99}},"line":40},"8":{"name":"(anonymous_8)","decl":{"start":{"line":51,"column":16},"end":{"line":51,"column":17}},"loc":{"start":{"line":51,"column":27},"end":{"line":63,"column":17}},"line":51},"9":{"name":"(anonymous_9)","decl":{"start":{"line":54,"column":24},"end":{"line":54,"column":25}},"loc":{"start":{"line":54,"column":85},"end":{"line":62,"column":25}},"line":54},"10":{"name":"(anonymous_10)","decl":{"start":{"line":73,"column":4},"end":{"line":73,"column":5}},"loc":{"start":{"line":73,"column":58},"end":{"line":83,"column":5}},"line":73},"11":{"name":"(anonymous_11)","decl":{"start":{"line":85,"column":4},"end":{"line":85,"column":5}},"loc":{"start":{"line":85,"column":67},"end":{"line":101,"column":5}},"line":85}},"branchMap":{"0":{"loc":{"start":{"line":13,"column":29},"end":{"line":13,"column":53}},"type":"default-arg","locations":[{"start":{"line":13,"column":40},"end":{"line":13,"column":53}}],"line":13},"1":{"loc":{"start":{"line":19,"column":19},"end":{"line":19,"column":54}},"type":"cond-expr","locations":[{"start":{"line":19,"column":41},"end":{"line":19,"column":46}},{"start":{"line":19,"column":49},"end":{"line":19,"column":54}}],"line":19},"2":{"loc":{"start":{"line":25,"column":19},"end":{"line":25,"column":82}},"type":"cond-expr","locations":[{"start":{"line":25,"column":41},"end":{"line":25,"column":74}},{"start":{"line":25,"column":77},"end":{"line":25,"column":82}}],"line":25},"3":{"loc":{"start":{"line":31,"column":19},"end":{"line":31,"column":76}},"type":"cond-expr","locations":[{"start":{"line":31,"column":41},"end":{"line":31,"column":68}},{"start":{"line":31,"column":71},"end":{"line":31,"column":76}}],"line":31},"4":{"loc":{"start":{"line":39,"column":16},"end":{"line":41,"column":17}},"type":"if","locations":[{"start":{"line":39,"column":16},"end":{"line":41,"column":17}},{"start":{},"end":{}}],"line":39},"5":{"loc":{"start":{"line":56,"column":28},"end":{"line":60,"column":29}},"type":"if","locations":[{"start":{"line":56,"column":28},"end":{"line":60,"column":29}},{"start":{"line":58,"column":35},"end":{"line":60,"column":29}}],"line":56},"6":{"loc":{"start":{"line":58,"column":35},"end":{"line":60,"column":29}},"type":"if","locations":[{"start":{"line":58,"column":35},"end":{"line":60,"column":29}},{"start":{},"end":{}}],"line":58},"7":{"loc":{"start":{"line":77,"column":12},"end":{"line":79,"column":13}},"type":"if","locations":[{"start":{"line":77,"column":12},"end":{"line":79,"column":13}},{"start":{},"end":{}}],"line":77},"8":{"loc":{"start":{"line":77,"column":16},"end":{"line":77,"column":83}},"type":"binary-expr","locations":[{"start":{"line":77,"column":16},"end":{"line":77,"column":41}},{"start":{"line":77,"column":45},"end":{"line":77,"column":59}},{"start":{"line":77,"column":63},"end":{"line":77,"column":83}}],"line":77},"9":{"loc":{"start":{"line":87,"column":8},"end":{"line":93,"column":9}},"type":"if","locations":[{"start":{"line":87,"column":8},"end":{"line":93,"column":9}},{"start":{},"end":{}}],"line":87},"10":{"loc":{"start":{"line":87,"column":12},"end":{"line":87,"column":98}},"type":"binary-expr","locations":[{"start":{"line":87,"column":12},"end":{"line":87,"column":56}},{"start":{"line":87,"column":60},"end":{"line":87,"column":98}}],"line":87},"11":{"loc":{"start":{"line":95,"column":8},"end":{"line":100,"column":9}},"type":"switch","locations":[{"start":{"line":96,"column":12},"end":{"line":97,"column":51}},{"start":{"line":98,"column":12},"end":{"line":99,"column":29}}],"line":95}},"s":{"0":13,"1":13,"2":3,"3":25,"4":25,"5":14,"6":14,"7":25,"8":1,"9":1,"10":25,"11":3,"12":3,"13":25,"14":2,"15":2,"16":2,"17":6,"18":0,"19":25,"20":25,"21":6,"22":7,"23":7,"24":7,"25":6,"26":1,"27":0,"28":1,"29":25,"30":25,"31":27,"32":27,"33":27,"34":27,"35":5,"36":22,"37":22,"38":4,"39":3,"40":3,"41":1,"42":2,"43":0,"44":2},"f":{"0":13,"1":3,"2":25,"3":14,"4":1,"5":3,"6":2,"7":6,"8":7,"9":7,"10":27,"11":4},"b":{"0":[2],"1":[10,4],"2":[1,0],"3":[3,0],"4":[2,0],"5":[6,1],"6":[0,1],"7":[5,22],"8":[27,27,27],"9":[3,1],"10":[4,3],"11":[0,2]},"_coverageSchema":"1a1c01bbd47fc00a2c39e90264f33305004495a9","hash":"16a3699fd118d392c67e428a2df31a2449284fd2"}
,"C:\\Users\\Standa\\Desktop\\Work\\Personal\\TemplifyJS\\src\\Constants\\Regex.ts": {"path":"C:\\Users\\Standa\\Desktop\\Work\\Personal\\TemplifyJS\\src\\Constants\\Regex.ts","statementMap":{"0":{"start":{"line":4,"column":27},"end":{"line":4,"column":108}}},"fnMap":{},"branchMap":{},"s":{"0":1},"f":{},"b":{},"_coverageSchema":"1a1c01bbd47fc00a2c39e90264f33305004495a9","hash":"984e3c80e3fa828bf90213a6f9b75f48babc75f0"}
}
