{"C:\\Users\\Standa\\Desktop\\Work\\Personal\\TemplifyJS\\src\\Class\\Templify.ts": {"path":"C:\\Users\\Standa\\Desktop\\Work\\Personal\\TemplifyJS\\src\\Class\\Templify.ts","statementMap":{"0":{"start":{"line":3,"column":74},"end":{"line":3,"column":76}},"1":{"start":{"line":6,"column":8},"end":{"line":6,"column":33}},"2":{"start":{"line":10,"column":8},"end":{"line":10,"column":36}},"3":{"start":{"line":14,"column":8},"end":{"line":19,"column":47}},"4":{"start":{"line":25,"column":21},"end":{"line":25,"column":44}},"5":{"start":{"line":28,"column":8},"end":{"line":65,"column":9}},"6":{"start":{"line":30,"column":33},"end":{"line":30,"column":61}},"7":{"start":{"line":32,"column":34},"end":{"line":32,"column":51}},"8":{"start":{"line":33,"column":12},"end":{"line":35,"column":13}},"9":{"start":{"line":34,"column":16},"end":{"line":34,"column":89}},"10":{"start":{"line":36,"column":31},"end":{"line":36,"column":80}},"11":{"start":{"line":39,"column":28},"end":{"line":39,"column":75}},"12":{"start":{"line":40,"column":29},"end":{"line":40,"column":100}},"13":{"start":{"line":41,"column":29},"end":{"line":41,"column":114}},"14":{"start":{"line":42,"column":28},"end":{"line":42,"column":65}},"15":{"start":{"line":44,"column":12},"end":{"line":63,"column":13}},"16":{"start":{"line":45,"column":39},"end":{"line":55,"column":17}},"17":{"start":{"line":48,"column":37},"end":{"line":48,"column":93}},"18":{"start":{"line":49,"column":24},"end":{"line":53,"column":25}},"19":{"start":{"line":50,"column":28},"end":{"line":50,"column":143}},"20":{"start":{"line":50,"column":64},"end":{"line":50,"column":131}},"21":{"start":{"line":52,"column":28},"end":{"line":52,"column":77}},"22":{"start":{"line":56,"column":16},"end":{"line":56,"column":102}},"23":{"start":{"line":58,"column":16},"end":{"line":62,"column":17}},"24":{"start":{"line":59,"column":20},"end":{"line":59,"column":142}},"25":{"start":{"line":59,"column":82},"end":{"line":59,"column":131}},"26":{"start":{"line":61,"column":20},"end":{"line":61,"column":103}},"27":{"start":{"line":68,"column":8},"end":{"line":71,"column":11}},"28":{"start":{"line":69,"column":26},"end":{"line":69,"column":63}},"29":{"start":{"line":70,"column":12},"end":{"line":70,"column":55}},"30":{"start":{"line":74,"column":8},"end":{"line":77,"column":11}},"31":{"start":{"line":75,"column":26},"end":{"line":75,"column":63}},"32":{"start":{"line":76,"column":12},"end":{"line":76,"column":83}},"33":{"start":{"line":80,"column":8},"end":{"line":83,"column":11}},"34":{"start":{"line":81,"column":26},"end":{"line":81,"column":63}},"35":{"start":{"line":82,"column":12},"end":{"line":82,"column":77}},"36":{"start":{"line":85,"column":8},"end":{"line":94,"column":10}},"37":{"start":{"line":88,"column":29},"end":{"line":88,"column":66}},"38":{"start":{"line":89,"column":16},"end":{"line":91,"column":17}},"39":{"start":{"line":90,"column":20},"end":{"line":90,"column":110}},"40":{"start":{"line":90,"column":53},"end":{"line":90,"column":99}},"41":{"start":{"line":92,"column":16},"end":{"line":92,"column":29}},"42":{"start":{"line":97,"column":30},"end":{"line":97,"column":170}},"43":{"start":{"line":98,"column":8},"end":{"line":115,"column":9}},"44":{"start":{"line":99,"column":12},"end":{"line":114,"column":14}},"45":{"start":{"line":102,"column":20},"end":{"line":112,"column":26}},"46":{"start":{"line":105,"column":42},"end":{"line":105,"column":80}},"47":{"start":{"line":106,"column":28},"end":{"line":110,"column":29}},"48":{"start":{"line":107,"column":32},"end":{"line":107,"column":68}},"49":{"start":{"line":108,"column":35},"end":{"line":110,"column":29}},"50":{"start":{"line":109,"column":32},"end":{"line":109,"column":70}},"51":{"start":{"line":111,"column":28},"end":{"line":111,"column":38}},"52":{"start":{"line":118,"column":8},"end":{"line":118,"column":60}},"53":{"start":{"line":120,"column":8},"end":{"line":120,"column":22}},"54":{"start":{"line":124,"column":27},"end":{"line":124,"column":42}},"55":{"start":{"line":125,"column":20},"end":{"line":125,"column":23}},"56":{"start":{"line":126,"column":8},"end":{"line":131,"column":9}},"57":{"start":{"line":127,"column":12},"end":{"line":129,"column":13}},"58":{"start":{"line":128,"column":16},"end":{"line":128,"column":33}},"59":{"start":{"line":130,"column":12},"end":{"line":130,"column":36}},"60":{"start":{"line":132,"column":8},"end":{"line":132,"column":21}},"61":{"start":{"line":137,"column":8},"end":{"line":143,"column":9}},"62":{"start":{"line":138,"column":12},"end":{"line":142,"column":13}},"63":{"start":{"line":139,"column":16},"end":{"line":139,"column":52}},"64":{"start":{"line":141,"column":16},"end":{"line":141,"column":53}},"65":{"start":{"line":145,"column":8},"end":{"line":150,"column":9}},"66":{"start":{"line":147,"column":16},"end":{"line":147,"column":51}},"67":{"start":{"line":149,"column":16},"end":{"line":149,"column":29}}},"fnMap":{"0":{"name":"(anonymous_0)","decl":{"start":{"line":5,"column":4},"end":{"line":5,"column":5}},"loc":{"start":{"line":5,"column":34},"end":{"line":7,"column":5}},"line":5},"1":{"name":"(anonymous_1)","decl":{"start":{"line":9,"column":4},"end":{"line":9,"column":5}},"loc":{"start":{"line":9,"column":84},"end":{"line":11,"column":5}},"line":9},"2":{"name":"(anonymous_2)","decl":{"start":{"line":13,"column":4},"end":{"line":13,"column":5}},"loc":{"start":{"line":13,"column":54},"end":{"line":21,"column":5}},"line":13},"3":{"name":"(anonymous_3)","decl":{"start":{"line":23,"column":4},"end":{"line":23,"column":5}},"loc":{"start":{"line":23,"column":63},"end":{"line":121,"column":5}},"line":23},"4":{"name":"(anonymous_4)","decl":{"start":{"line":47,"column":20},"end":{"line":47,"column":21}},"loc":{"start":{"line":47,"column":55},"end":{"line":54,"column":21}},"line":47},"5":{"name":"(anonymous_5)","decl":{"start":{"line":50,"column":44},"end":{"line":50,"column":45}},"loc":{"start":{"line":50,"column":61},"end":{"line":50,"column":132}},"line":50},"6":{"name":"(anonymous_6)","decl":{"start":{"line":59,"column":65},"end":{"line":59,"column":66}},"loc":{"start":{"line":59,"column":82},"end":{"line":59,"column":131}},"line":59},"7":{"name":"(anonymous_7)","decl":{"start":{"line":68,"column":56},"end":{"line":68,"column":57}},"loc":{"start":{"line":68,"column":77},"end":{"line":71,"column":9}},"line":68},"8":{"name":"(anonymous_8)","decl":{"start":{"line":74,"column":89},"end":{"line":74,"column":90}},"loc":{"start":{"line":74,"column":122},"end":{"line":77,"column":9}},"line":74},"9":{"name":"(anonymous_9)","decl":{"start":{"line":80,"column":73},"end":{"line":80,"column":74}},"loc":{"start":{"line":80,"column":100},"end":{"line":83,"column":9}},"line":80},"10":{"name":"(anonymous_10)","decl":{"start":{"line":87,"column":12},"end":{"line":87,"column":13}},"loc":{"start":{"line":87,"column":42},"end":{"line":93,"column":13}},"line":87},"11":{"name":"(anonymous_11)","decl":{"start":{"line":90,"column":36},"end":{"line":90,"column":37}},"loc":{"start":{"line":90,"column":53},"end":{"line":90,"column":99}},"line":90},"12":{"name":"(anonymous_12)","decl":{"start":{"line":101,"column":16},"end":{"line":101,"column":17}},"loc":{"start":{"line":101,"column":27},"end":{"line":113,"column":17}},"line":101},"13":{"name":"(anonymous_13)","decl":{"start":{"line":104,"column":24},"end":{"line":104,"column":25}},"loc":{"start":{"line":104,"column":85},"end":{"line":112,"column":25}},"line":104},"14":{"name":"(anonymous_14)","decl":{"start":{"line":123,"column":4},"end":{"line":123,"column":5}},"loc":{"start":{"line":123,"column":58},"end":{"line":133,"column":5}},"line":123},"15":{"name":"(anonymous_15)","decl":{"start":{"line":135,"column":4},"end":{"line":135,"column":5}},"loc":{"start":{"line":135,"column":67},"end":{"line":151,"column":5}},"line":135}},"branchMap":{"0":{"loc":{"start":{"line":13,"column":20},"end":{"line":13,"column":44}},"type":"default-arg","locations":[{"start":{"line":13,"column":31},"end":{"line":13,"column":44}}],"line":13},"1":{"loc":{"start":{"line":23,"column":29},"end":{"line":23,"column":53}},"type":"default-arg","locations":[{"start":{"line":23,"column":40},"end":{"line":23,"column":53}}],"line":23},"2":{"loc":{"start":{"line":33,"column":18},"end":{"line":33,"column":171}},"type":"binary-expr","locations":[{"start":{"line":33,"column":18},"end":{"line":33,"column":115}},{"start":{"line":33,"column":119},"end":{"line":33,"column":171}}],"line":33},"3":{"loc":{"start":{"line":44,"column":12},"end":{"line":63,"column":13}},"type":"if","locations":[{"start":{"line":44,"column":12},"end":{"line":63,"column":13}},{"start":{"line":57,"column":19},"end":{"line":63,"column":13}}],"line":44},"4":{"loc":{"start":{"line":49,"column":24},"end":{"line":53,"column":25}},"type":"if","locations":[{"start":{"line":49,"column":24},"end":{"line":53,"column":25}},{"start":{"line":51,"column":31},"end":{"line":53,"column":25}}],"line":49},"5":{"loc":{"start":{"line":58,"column":16},"end":{"line":62,"column":17}},"type":"if","locations":[{"start":{"line":58,"column":16},"end":{"line":62,"column":17}},{"start":{"line":60,"column":23},"end":{"line":62,"column":17}}],"line":58},"6":{"loc":{"start":{"line":70,"column":19},"end":{"line":70,"column":54}},"type":"cond-expr","locations":[{"start":{"line":70,"column":41},"end":{"line":70,"column":46}},{"start":{"line":70,"column":49},"end":{"line":70,"column":54}}],"line":70},"7":{"loc":{"start":{"line":76,"column":19},"end":{"line":76,"column":82}},"type":"cond-expr","locations":[{"start":{"line":76,"column":41},"end":{"line":76,"column":74}},{"start":{"line":76,"column":77},"end":{"line":76,"column":82}}],"line":76},"8":{"loc":{"start":{"line":82,"column":19},"end":{"line":82,"column":76}},"type":"cond-expr","locations":[{"start":{"line":82,"column":41},"end":{"line":82,"column":68}},{"start":{"line":82,"column":71},"end":{"line":82,"column":76}}],"line":82},"9":{"loc":{"start":{"line":89,"column":16},"end":{"line":91,"column":17}},"type":"if","locations":[{"start":{"line":89,"column":16},"end":{"line":91,"column":17}},{"start":{},"end":{}}],"line":89},"10":{"loc":{"start":{"line":106,"column":28},"end":{"line":110,"column":29}},"type":"if","locations":[{"start":{"line":106,"column":28},"end":{"line":110,"column":29}},{"start":{"line":108,"column":35},"end":{"line":110,"column":29}}],"line":106},"11":{"loc":{"start":{"line":108,"column":35},"end":{"line":110,"column":29}},"type":"if","locations":[{"start":{"line":108,"column":35},"end":{"line":110,"column":29}},{"start":{},"end":{}}],"line":108},"12":{"loc":{"start":{"line":127,"column":12},"end":{"line":129,"column":13}},"type":"if","locations":[{"start":{"line":127,"column":12},"end":{"line":129,"column":13}},{"start":{},"end":{}}],"line":127},"13":{"loc":{"start":{"line":127,"column":16},"end":{"line":127,"column":83}},"type":"binary-expr","locations":[{"start":{"line":127,"column":16},"end":{"line":127,"column":41}},{"start":{"line":127,"column":45},"end":{"line":127,"column":59}},{"start":{"line":127,"column":63},"end":{"line":127,"column":83}}],"line":127},"14":{"loc":{"start":{"line":137,"column":8},"end":{"line":143,"column":9}},"type":"if","locations":[{"start":{"line":137,"column":8},"end":{"line":143,"column":9}},{"start":{},"end":{}}],"line":137},"15":{"loc":{"start":{"line":137,"column":12},"end":{"line":137,"column":98}},"type":"binary-expr","locations":[{"start":{"line":137,"column":12},"end":{"line":137,"column":56}},{"start":{"line":137,"column":60},"end":{"line":137,"column":98}}],"line":137},"16":{"loc":{"start":{"line":145,"column":8},"end":{"line":150,"column":9}},"type":"switch","locations":[{"start":{"line":146,"column":12},"end":{"line":147,"column":51}},{"start":{"line":148,"column":12},"end":{"line":149,"column":29}}],"line":145}},"s":{"0":19,"1":19,"2":4,"3":60,"4":60,"5":60,"6":10,"7":10,"8":10,"9":2,"10":10,"11":10,"12":10,"13":10,"14":10,"15":10,"16":8,"17":8,"18":8,"19":8,"20":20,"21":0,"22":8,"23":2,"24":2,"25":4,"26":0,"27":60,"28":29,"29":29,"30":60,"31":1,"32":1,"33":60,"34":6,"35":6,"36":60,"37":0,"38":0,"39":0,"40":0,"41":0,"42":60,"43":60,"44":8,"45":10,"46":10,"47":10,"48":7,"49":3,"50":2,"51":1,"52":60,"53":60,"54":64,"55":64,"56":64,"57":64,"58":3,"59":61,"60":61,"61":7,"62":6,"63":6,"64":1,"65":2,"66":0,"67":2},"f":{"0":19,"1":4,"2":60,"3":60,"4":8,"5":20,"6":4,"7":29,"8":1,"9":6,"10":0,"11":0,"12":10,"13":10,"14":64,"15":7},"b":{"0":[0],"1":[2],"2":[12,12],"3":[8,2],"4":[8,0],"5":[2,0],"6":[27,2],"7":[1,0],"8":[6,0],"9":[0,0],"10":[7,3],"11":[2,1],"12":[3,61],"13":[64,64,64],"14":[6,1],"15":[7,6],"16":[0,2]},"_coverageSchema":"1a1c01bbd47fc00a2c39e90264f33305004495a9","hash":"c7d20c02bc703443dfa7e4b644e216361749ccba"}
,"C:\\Users\\Standa\\Desktop\\Work\\Personal\\TemplifyJS\\src\\Constants\\Regex.ts": {"path":"C:\\Users\\Standa\\Desktop\\Work\\Personal\\TemplifyJS\\src\\Constants\\Regex.ts","statementMap":{"0":{"start":{"line":4,"column":27},"end":{"line":4,"column":108}}},"fnMap":{},"branchMap":{},"s":{"0":1},"f":{},"b":{},"_coverageSchema":"1a1c01bbd47fc00a2c39e90264f33305004495a9","hash":"984e3c80e3fa828bf90213a6f9b75f48babc75f0"}
}
