TN:
SF:src\Class\Templify.ts
FN:5,(anonymous_0)
FN:9,(anonymous_1)
FN:13,(anonymous_2)
FN:22,(anonymous_3)
FN:46,(anonymous_4)
FN:49,(anonymous_5)
FN:58,(anonymous_6)
FN:67,(anonymous_7)
FN:73,(anonymous_8)
FN:79,(anonymous_9)
FN:86,(anonymous_10)
FN:89,(anonymous_11)
FN:100,(anonymous_12)
FN:103,(anonymous_13)
FN:122,(anonymous_14)
FN:134,(anonymous_15)
FNF:16
FNH:14
FNDA:15,(anonymous_0)
FNDA:4,(anonymous_1)
FNDA:41,(anonymous_2)
FNDA:41,(anonymous_3)
FNDA:5,(anonymous_4)
FNDA:13,(anonymous_5)
FNDA:2,(anonymous_6)
FNDA:15,(anonymous_7)
FNDA:1,(anonymous_8)
FNDA:6,(anonymous_9)
FNDA:0,(anonymous_10)
FNDA:0,(anonymous_11)
FNDA:7,(anonymous_12)
FNDA:7,(anonymous_13)
FNDA:40,(anonymous_14)
FNDA:7,(anonymous_15)
DA:3,15
DA:6,15
DA:10,4
DA:14,41
DA:24,41
DA:27,41
DA:29,6
DA:31,6
DA:32,6
DA:33,1
DA:35,6
DA:38,6
DA:39,6
DA:40,6
DA:41,6
DA:43,6
DA:44,5
DA:47,5
DA:48,5
DA:49,13
DA:51,0
DA:55,5
DA:57,1
DA:58,2
DA:60,0
DA:67,41
DA:68,15
DA:69,15
DA:73,41
DA:74,1
DA:75,1
DA:79,41
DA:80,6
DA:81,6
DA:84,41
DA:87,0
DA:88,0
DA:89,0
DA:91,0
DA:96,41
DA:97,41
DA:98,6
DA:101,7
DA:104,7
DA:105,7
DA:106,6
DA:107,1
DA:108,0
DA:110,1
DA:117,41
DA:119,41
DA:123,40
DA:124,40
DA:125,40
DA:126,40
DA:127,2
DA:129,38
DA:131,38
DA:136,7
DA:137,6
DA:138,6
DA:140,1
DA:144,2
DA:146,0
DA:148,2
LF:65
LH:57
BRDA:13,0,0,0
BRDA:22,1,0,2
BRDA:32,2,0,7
BRDA:32,2,1,7
BRDA:43,3,0,5
BRDA:43,3,1,1
BRDA:48,4,0,5
BRDA:48,4,1,0
BRDA:57,5,0,1
BRDA:57,5,1,0
BRDA:69,6,0,14
BRDA:69,6,1,1
BRDA:75,7,0,1
BRDA:75,7,1,0
BRDA:81,8,0,6
BRDA:81,8,1,0
BRDA:88,9,0,0
BRDA:88,9,1,0
BRDA:105,10,0,6
BRDA:105,10,1,1
BRDA:107,11,0,0
BRDA:107,11,1,1
BRDA:126,12,0,2
BRDA:126,12,1,38
BRDA:126,13,0,40
BRDA:126,13,1,40
BRDA:126,13,2,40
BRDA:136,14,0,6
BRDA:136,14,1,1
BRDA:136,15,0,7
BRDA:136,15,1,6
BRDA:144,16,0,0
BRDA:144,16,1,2
BRF:33
BRH:24
end_of_record
TN:
SF:src\Constants\Regex.ts
FNF:0
FNH:0
DA:4,1
LF:1
LH:1
BRF:0
BRH:0
end_of_record
