TN:
SF:src\Class\Templify.ts
FN:5,(anonymous_0)
FN:9,(anonymous_1)
FN:13,(anonymous_2)
FN:23,(anonymous_3)
FN:47,(anonymous_4)
FN:50,(anonymous_5)
FN:59,(anonymous_6)
FN:68,(anonymous_7)
FN:74,(anonymous_8)
FN:80,(anonymous_9)
FN:87,(anonymous_10)
FN:90,(anonymous_11)
FN:101,(anonymous_12)
FN:104,(anonymous_13)
FN:123,(anonymous_14)
FN:135,(anonymous_15)
FNF:16
FNH:14
FNDA:19,(anonymous_0)
FNDA:4,(anonymous_1)
FNDA:60,(anonymous_2)
FNDA:60,(anonymous_3)
FNDA:8,(anonymous_4)
FNDA:20,(anonymous_5)
FNDA:4,(anonymous_6)
FNDA:29,(anonymous_7)
FNDA:1,(anonymous_8)
FNDA:6,(anonymous_9)
FNDA:0,(anonymous_10)
FNDA:0,(anonymous_11)
FNDA:10,(anonymous_12)
FNDA:10,(anonymous_13)
FNDA:64,(anonymous_14)
FNDA:7,(anonymous_15)
DA:3,19
DA:6,19
DA:10,4
DA:14,60
DA:25,60
DA:28,60
DA:30,10
DA:32,10
DA:33,10
DA:34,2
DA:36,10
DA:39,10
DA:40,10
DA:41,10
DA:42,10
DA:44,10
DA:45,8
DA:48,8
DA:49,8
DA:50,20
DA:52,0
DA:56,8
DA:58,2
DA:59,4
DA:61,0
DA:68,60
DA:69,29
DA:70,29
DA:74,60
DA:75,1
DA:76,1
DA:80,60
DA:81,6
DA:82,6
DA:85,60
DA:88,0
DA:89,0
DA:90,0
DA:92,0
DA:97,60
DA:98,60
DA:99,8
DA:102,10
DA:105,10
DA:106,10
DA:107,7
DA:108,3
DA:109,2
DA:111,1
DA:118,60
DA:120,60
DA:124,64
DA:125,64
DA:126,64
DA:127,64
DA:128,3
DA:130,61
DA:132,61
DA:137,7
DA:138,6
DA:139,6
DA:141,1
DA:145,2
DA:147,0
DA:149,2
LF:65
LH:58
BRDA:13,0,0,0
BRDA:23,1,0,2
BRDA:33,2,0,12
BRDA:33,2,1,12
BRDA:44,3,0,8
BRDA:44,3,1,2
BRDA:49,4,0,8
BRDA:49,4,1,0
BRDA:58,5,0,2
BRDA:58,5,1,0
BRDA:70,6,0,27
BRDA:70,6,1,2
BRDA:76,7,0,1
BRDA:76,7,1,0
BRDA:82,8,0,6
BRDA:82,8,1,0
BRDA:89,9,0,0
BRDA:89,9,1,0
BRDA:106,10,0,7
BRDA:106,10,1,3
BRDA:108,11,0,2
BRDA:108,11,1,1
BRDA:127,12,0,3
BRDA:127,12,1,61
BRDA:127,13,0,64
BRDA:127,13,1,64
BRDA:127,13,2,64
BRDA:137,14,0,6
BRDA:137,14,1,1
BRDA:137,15,0,7
BRDA:137,15,1,6
BRDA:145,16,0,0
BRDA:145,16,1,2
BRF:33
BRH:25
end_of_record
TN:
SF:src\Constants\Regex.ts
FNF:0
FNH:0
DA:4,1
LF:1
LH:1
BRF:0
BRH:0
end_of_record
